# JRE version: OpenJDK Runtime Environment Temurin-21.0.8+9 (21.0.8+9) (build 21.0.8+9-LTS)
# Java VM: OpenJDK 64-Bit Server VM Temurin-21.0.8+9 (21.0.8+9-LTS, mixed mode, sharing, tiered, compressed oops, compressed class ptrs, parallel gc, windows-amd64)
GC Precious Log:
 CardTable entry size: 512
 CPUs: 12 total, 12 available
 Memory: 7876M
 Large Page Support: Disabled
 NUMA Support: Disabled
 Compressed Oops: Enabled (32-bit)
 Alignments: Space 512K, Generation 512K, Heap 2M
 Heap Min Capacity: 100M
 Heap Initial Capacity: 100M
 Heap Max Capacity: 2G
 Pre-touch: Disabled
 Parallel Workers: 10
Heap:
 PSYoungGen      total 8192K, used 7872K [0x00000000d5580000, 0x00000000d6400000, 0x0000000100000000)
  eden space 7680K, 100% used [0x00000000d5580000,0x00000000d5d00000,0x00000000d5d00000)
  from space 512K, 37% used [0x00000000d5d00000,0x00000000d5d30000,0x00000000d5d80000)
  to   space 2560K, 0% used [0x00000000d6180000,0x00000000d6180000,0x00000000d6400000)
 ParOldGen       total 1345024K, used 1344662K [0x0000000080000000, 0x00000000d2180000, 0x00000000d5580000)
  object space 1345024K, 99% used [0x0000000080000000,0x00000000d21258b0,0x00000000d2180000)
 Metaspace       used 93830K, committed 95296K, reserved 1179648K
  class space    used 9217K, committed 9920K, reserved 1048576K
GC Heap History (20 events):
Event: 18232.610 GC heap before
{Heap before GC invocations=20089 (full 13):
 PSYoungGen      total 9728K, used 9472K [0x00000000d5580000, 0x00000000d6200000, 0x0000000100000000)
  eden space 9216K, 100% used [0x00000000d5580000,0x00000000d5e80000,0x00000000d5e80000)
  from space 512K, 50% used [0x00000000d6000000,0x00000000d6040000,0x00000000d6080000)
  to   space 1024K, 0% used [0x00000000d6100000,0x00000000d6100000,0x00000000d6200000)
 ParOldGen       total 1328640K, used 1328533K [0x0000000080000000, 0x00000000d1180000, 0x00000000d5580000)
  object space 1328640K, 99% used [0x0000000080000000,0x00000000d11654e8,0x00000000d1180000)
 Metaspace       used 93827K, committed 95296K, reserved 1179648K
  class space    used 9217K, committed 9920K, reserved 1048576K
}
Event: 18232.615 GC heap after
{Heap after GC invocations=20089 (full 13):
 PSYoungGen      total 10240K, used 1024K [0x00000000d5580000, 0x00000000d6200000, 0x0000000100000000)
  eden space 9216K, 0% used [0x00000000d5580000,0x00000000d5580000,0x00000000d5e80000)
  from space 1024K, 100% used [0x00000000d6100000,0x00000000d6200000,0x00000000d6200000)
  to   space 1536K, 0% used [0x00000000d5f00000,0x00000000d5f00000,0x00000000d6080000)
 ParOldGen       total 1329152K, used 1328666K [0x0000000080000000, 0x00000000d1200000, 0x00000000d5580000)
  object space 1329152K, 99% used [0x0000000080000000,0x00000000d1186b40,0x00000000d1200000)
 Metaspace       used 93827K, committed 95296K, reserved 1179648K
  class space    used 9217K, committed 9920K, reserved 1048576K
}
Event: 18232.895 GC heap before
{Heap before GC invocations=20090 (full 13):
 PSYoungGen      total 10240K, used 10240K [0x00000000d5580000, 0x00000000d6200000, 0x0000000100000000)
  eden space 9216K, 100% used [0x00000000d5580000,0x00000000d5e80000,0x00000000d5e80000)
  from space 1024K, 100% used [0x00000000d6100000,0x00000000d6200000,0x00000000d6200000)
  to   space 1536K, 0% used [0x00000000d5f00000,0x00000000d5f00000,0x00000000d6080000)
 ParOldGen       total 1329152K, used 1328666K [0x0000000080000000, 0x00000000d1200000, 0x00000000d5580000)
  object space 1329152K, 99% used [0x0000000080000000,0x00000000d1186b40,0x00000000d1200000)
 Metaspace       used 93827K, committed 95296K, reserved 1179648K
  class space    used 9217K, committed 9920K, reserved 1048576K
}
Event: 18232.906 GC heap after
{Heap after GC invocations=20090 (full 13):
 PSYoungGen      total 10752K, used 1536K [0x00000000d5580000, 0x00000000d6480000, 0x0000000100000000)
  eden space 9216K, 0% used [0x00000000d5580000,0x00000000d5580000,0x00000000d5e80000)
  from space 1536K, 100% used [0x00000000d5f00000,0x00000000d6080000,0x00000000d6080000)
  to   space 3072K, 0% used [0x00000000d6180000,0x00000000d6180000,0x00000000d6480000)
 ParOldGen       total 1330176K, used 1329735K [0x0000000080000000, 0x00000000d1300000, 0x00000000d5580000)
  object space 1330176K, 99% used [0x0000000080000000,0x00000000d1291ff0,0x00000000d1300000)
 Metaspace       used 93827K, committed 95296K, reserved 1179648K
  class space    used 9217K, committed 9920K, reserved 1048576K
}
Event: 18233.100 GC heap before
{Heap before GC invocations=20091 (full 13):
 PSYoungGen      total 10752K, used 10752K [0x00000000d5580000, 0x00000000d6480000, 0x0000000100000000)
  eden space 9216K, 100% used [0x00000000d5580000,0x00000000d5e80000,0x00000000d5e80000)
  from space 1536K, 100% used [0x00000000d5f00000,0x00000000d6080000,0x00000000d6080000)
  to   space 3072K, 0% used [0x00000000d6180000,0x00000000d6180000,0x00000000d6480000)
 ParOldGen       total 1330176K, used 1329735K [0x0000000080000000, 0x00000000d1300000, 0x00000000d5580000)
  object space 1330176K, 99% used [0x0000000080000000,0x00000000d1291ff0,0x00000000d1300000)
 Metaspace       used 93827K, committed 95296K, reserved 1179648K
  class space    used 9217K, committed 9920K, reserved 1048576K
}
Event: 18233.109 GC heap after
{Heap after GC invocations=20091 (full 13):
 PSYoungGen      total 10752K, used 1200K [0x00000000d5580000, 0x00000000d6300000, 0x0000000100000000)
  eden space 9216K, 0% used [0x00000000d5580000,0x00000000d5580000,0x00000000d5e80000)
  from space 1536K, 78% used [0x00000000d6180000,0x00000000d62ac010,0x00000000d6300000)
  to   space 2048K, 0% used [0x00000000d5f00000,0x00000000d5f00000,0x00000000d6100000)
 ParOldGen       total 1330688K, used 1330651K [0x0000000080000000, 0x00000000d1380000, 0x00000000d5580000)
  object space 1330688K, 99% used [0x0000000080000000,0x00000000d1376d30,0x00000000d1380000)
 Metaspace       used 93827K, committed 95296K, reserved 1179648K
  class space    used 9217K, committed 9920K, reserved 1048576K
}
Event: 18233.392 GC heap before
{Heap before GC invocations=20092 (full 13):
 PSYoungGen      total 10752K, used 10416K [0x00000000d5580000, 0x00000000d6300000, 0x0000000100000000)
  eden space 9216K, 100% used [0x00000000d5580000,0x00000000d5e80000,0x00000000d5e80000)
  from space 1536K, 78% used [0x00000000d6180000,0x00000000d62ac010,0x00000000d6300000)
  to   space 2048K, 0% used [0x00000000d5f00000,0x00000000d5f00000,0x00000000d6100000)
 ParOldGen       total 1330688K, used 1330651K [0x0000000080000000, 0x00000000d1380000, 0x00000000d5580000)
  object space 1330688K, 99% used [0x0000000080000000,0x00000000d1376d30,0x00000000d1380000)
 Metaspace       used 93827K, committed 95296K, reserved 1179648K
  class space    used 9217K, committed 9920K, reserved 1048576K
}
Event: 18233.397 GC heap after
{Heap after GC invocations=20092 (full 13):
 PSYoungGen      total 10752K, used 1232K [0x00000000d5580000, 0x00000000d6200000, 0x0000000100000000)
  eden space 9216K, 0% used [0x00000000d5580000,0x00000000d5580000,0x00000000d5e80000)
  from space 1536K, 80% used [0x00000000d5f00000,0x00000000d6034010,0x00000000d6080000)
  to   space 1536K, 0% used [0x00000000d6080000,0x00000000d6080000,0x00000000d6200000)
 ParOldGen       total 1331200K, used 1330723K [0x0000000080000000, 0x00000000d1400000, 0x00000000d5580000)
  object space 1331200K, 99% used [0x0000000080000000,0x00000000d1388d30,0x00000000d1400000)
 Metaspace       used 93827K, committed 95296K, reserved 1179648K
  class space    used 9217K, committed 9920K, reserved 1048576K
}
Event: 18233.479 GC heap before
{Heap before GC invocations=20093 (full 13):
 PSYoungGen      total 10752K, used 10448K [0x00000000d5580000, 0x00000000d6200000, 0x0000000100000000)
  eden space 9216K, 100% used [0x00000000d5580000,0x00000000d5e80000,0x00000000d5e80000)
  from space 1536K, 80% used [0x00000000d5f00000,0x00000000d6034010,0x00000000d6080000)
  to   space 1536K, 0% used [0x00000000d6080000,0x00000000d6080000,0x00000000d6200000)
 ParOldGen       total 1331200K, used 1330723K [0x0000000080000000, 0x00000000d1400000, 0x00000000d5580000)
  object space 1331200K, 99% used [0x0000000080000000,0x00000000d1388d30,0x00000000d1400000)
 Metaspace       used 93827K, committed 95296K, reserved 1179648K
  class space    used 9217K, committed 9920K, reserved 1048576K
}
Event: 18233.485 GC heap after
{Heap after GC invocations=20093 (full 13):
 PSYoungGen      total 10240K, used 896K [0x00000000d5580000, 0x00000000d6180000, 0x0000000100000000)
  eden space 9216K, 0% used [0x00000000d5580000,0x00000000d5580000,0x00000000d5e80000)
  from space 1024K, 87% used [0x00000000d6080000,0x00000000d6160000,0x00000000d6180000)
  to   space 1536K, 0% used [0x00000000d5e80000,0x00000000d5e80000,0x00000000d6000000)
 ParOldGen       total 1332224K, used 1331841K [0x0000000080000000, 0x00000000d1500000, 0x00000000d5580000)
  object space 1332224K, 99% used [0x0000000080000000,0x00000000d14a0648,0x00000000d1500000)
 Metaspace       used 93827K, committed 95296K, reserved 1179648K
  class space    used 9217K, committed 9920K, reserved 1048576K
}
Event: 18233.919 GC heap before
{Heap before GC invocations=20094 (full 13):
 PSYoungGen      total 10240K, used 10112K [0x00000000d5580000, 0x00000000d6180000, 0x0000000100000000)
  eden space 9216K, 100% used [0x00000000d5580000,0x00000000d5e80000,0x00000000d5e80000)
  from space 1024K, 87% used [0x00000000d6080000,0x00000000d6160000,0x00000000d6180000)
  to   space 1536K, 0% used [0x00000000d5e80000,0x00000000d5e80000,0x00000000d6000000)
 ParOldGen       total 1332224K, used 1331841K [0x0000000080000000, 0x00000000d1500000, 0x00000000d5580000)
  object space 1332224K, 99% used [0x0000000080000000,0x00000000d14a0648,0x00000000d1500000)
 Metaspace       used 93827K, committed 95296K, reserved 1179648K
  class space    used 9217K, committed 9920K, reserved 1048576K
}
Event: 18233.925 GC heap after
{Heap after GC invocations=20094 (full 13):
 PSYoungGen      total 10752K, used 288K [0x00000000d5580000, 0x00000000d6100000, 0x0000000100000000)
  eden space 9216K, 0% used [0x00000000d5580000,0x00000000d5580000,0x00000000d5e80000)
  from space 1536K, 18% used [0x00000000d5e80000,0x00000000d5ec8000,0x00000000d6000000)
  to   space 1024K, 0% used [0x00000000d6000000,0x00000000d6000000,0x00000000d6100000)
 ParOldGen       total 1332224K, used 1331889K [0x0000000080000000, 0x00000000d1500000, 0x00000000d5580000)
  object space 1332224K, 99% used [0x0000000080000000,0x00000000d14ac648,0x00000000d1500000)
 Metaspace       used 93827K, committed 95296K, reserved 1179648K
  class space    used 9217K, committed 9920K, reserved 1048576K
}
Event: 18234.798 GC heap before
{Heap before GC invocations=20095 (full 13):
 PSYoungGen      total 10752K, used 9504K [0x00000000d5580000, 0x00000000d6100000, 0x0000000100000000)
  eden space 9216K, 100% used [0x00000000d5580000,0x00000000d5e80000,0x00000000d5e80000)
  from space 1536K, 18% used [0x00000000d5e80000,0x00000000d5ec8000,0x00000000d6000000)
  to   space 1024K, 0% used [0x00000000d6000000,0x00000000d6000000,0x00000000d6100000)
 ParOldGen       total 1332224K, used 1331889K [0x0000000080000000, 0x00000000d1500000, 0x00000000d5580000)
  object space 1332224K, 99% used [0x0000000080000000,0x00000000d14ac648,0x00000000d1500000)
 Metaspace       used 93830K, committed 95296K, reserved 1179648K
  class space    used 9217K, committed 9920K, reserved 1048576K
}
Event: 18234.805 GC heap after
{Heap after GC invocations=20095 (full 13):
 PSYoungGen      total 8704K, used 993K [0x00000000d5580000, 0x00000000d6480000, 0x0000000100000000)
  eden space 7680K, 0% used [0x00000000d5580000,0x00000000d5580000,0x00000000d5d00000)
  from space 1024K, 97% used [0x00000000d6000000,0x00000000d60f8660,0x00000000d6100000)
  to   space 3072K, 0% used [0x00000000d5d00000,0x00000000d5d00000,0x00000000d6000000)
 ParOldGen       total 1333248K, used 1333161K [0x0000000080000000, 0x00000000d1600000, 0x00000000d5580000)
  object space 1333248K, 99% used [0x0000000080000000,0x00000000d15ea648,0x00000000d1600000)
 Metaspace       used 93830K, committed 95296K, reserved 1179648K
  class space    used 9217K, committed 9920K, reserved 1048576K
}
Event: 18234.828 GC heap before
{Heap before GC invocations=20096 (full 13):
 PSYoungGen      total 8704K, used 8673K [0x00000000d5580000, 0x00000000d6480000, 0x0000000100000000)
  eden space 7680K, 100% used [0x00000000d5580000,0x00000000d5d00000,0x00000000d5d00000)
  from space 1024K, 97% used [0x00000000d6000000,0x00000000d60f8660,0x00000000d6100000)
  to   space 3072K, 0% used [0x00000000d5d00000,0x00000000d5d00000,0x00000000d6000000)
 ParOldGen       total 1333248K, used 1333161K [0x0000000080000000, 0x00000000d1600000, 0x00000000d5580000)
  object space 1333248K, 99% used [0x0000000080000000,0x00000000d15ea648,0x00000000d1600000)
 Metaspace       used 93830K, committed 95296K, reserved 1179648K
  class space    used 9217K, committed 9920K, reserved 1048576K
}
Event: 18234.841 GC heap after
{Heap after GC invocations=20096 (full 13):
 PSYoungGen      total 10752K, used 3057K [0x00000000d5580000, 0x00000000d6a00000, 0x0000000100000000)
  eden space 7680K, 0% used [0x00000000d5580000,0x00000000d5580000,0x00000000d5d00000)
  from space 3072K, 99% used [0x00000000d5d00000,0x00000000d5ffc400,0x00000000d6000000)
  to   space 6656K, 0% used [0x00000000d6380000,0x00000000d6380000,0x00000000d6a00000)
 ParOldGen       total 1335808K, used 1335798K [0x0000000080000000, 0x00000000d1880000, 0x00000000d5580000)
  object space 1335808K, 99% used [0x0000000080000000,0x00000000d187d820,0x00000000d1880000)
 Metaspace       used 93830K, committed 95296K, reserved 1179648K
  class space    used 9217K, committed 9920K, reserved 1048576K
}
Event: 18235.116 GC heap before
{Heap before GC invocations=20097 (full 13):
 PSYoungGen      total 10752K, used 10737K [0x00000000d5580000, 0x00000000d6a00000, 0x0000000100000000)
  eden space 7680K, 100% used [0x00000000d5580000,0x00000000d5d00000,0x00000000d5d00000)
  from space 3072K, 99% used [0x00000000d5d00000,0x00000000d5ffc400,0x00000000d6000000)
  to   space 6656K, 0% used [0x00000000d6380000,0x00000000d6380000,0x00000000d6a00000)
 ParOldGen       total 1335808K, used 1335798K [0x0000000080000000, 0x00000000d1880000, 0x00000000d5580000)
  object space 1335808K, 99% used [0x0000000080000000,0x00000000d187d820,0x00000000d1880000)
 Metaspace       used 93830K, committed 95296K, reserved 1179648K
  class space    used 9217K, committed 9920K, reserved 1048576K
}
Event: 18235.131 GC heap after
{Heap after GC invocations=20097 (full 13):
 PSYoungGen      total 14336K, used 5972K [0x00000000d5580000, 0x00000000d6a00000, 0x0000000100000000)
  eden space 7680K, 0% used [0x00000000d5580000,0x00000000d5580000,0x00000000d5d00000)
  from space 6656K, 89% used [0x00000000d6380000,0x00000000d6955080,0x00000000d6a00000)
  to   space 6656K, 0% used [0x00000000d5d00000,0x00000000d5d00000,0x00000000d6380000)
 ParOldGen       total 1338880K, used 1338802K [0x0000000080000000, 0x00000000d1b80000, 0x00000000d5580000)
  object space 1338880K, 99% used [0x0000000080000000,0x00000000d1b6c830,0x00000000d1b80000)
 Metaspace       used 93830K, committed 95296K, reserved 1179648K
  class space    used 9217K, committed 9920K, reserved 1048576K
}
Event: 18235.303 GC heap before
{Heap before GC invocations=20098 (full 13):
 PSYoungGen      total 14336K, used 13652K [0x00000000d5580000, 0x00000000d6a00000, 0x0000000100000000)
  eden space 7680K, 100% used [0x00000000d5580000,0x00000000d5d00000,0x00000000d5d00000)
  from space 6656K, 89% used [0x00000000d6380000,0x00000000d6955080,0x00000000d6a00000)
  to   space 6656K, 0% used [0x00000000d5d00000,0x00000000d5d00000,0x00000000d6380000)
 ParOldGen       total 1338880K, used 1338802K [0x0000000080000000, 0x00000000d1b80000, 0x00000000d5580000)
  object space 1338880K, 99% used [0x0000000080000000,0x00000000d1b6c830,0x00000000d1b80000)
 Metaspace       used 93830K, committed 95296K, reserved 1179648K
  class space    used 9217K, committed 9920K, reserved 1048576K
}
Event: 18235.319 GC heap after
{Heap after GC invocations=20098 (full 13):
 PSYoungGen      total 8192K, used 192K [0x00000000d5580000, 0x00000000d6400000, 0x0000000100000000)
  eden space 7680K, 0% used [0x00000000d5580000,0x00000000d5580000,0x00000000d5d00000)
  from space 512K, 37% used [0x00000000d5d00000,0x00000000d5d30000,0x00000000d5d80000)
  to   space 2560K, 0% used [0x00000000d6180000,0x00000000d6180000,0x00000000d6400000)
 ParOldGen       total 1345024K, used 1344662K [0x0000000080000000, 0x00000000d2180000, 0x00000000d5580000)
  object space 1345024K, 99% used [0x0000000080000000,0x00000000d21258b0,0x00000000d2180000)
 Metaspace       used 93830K, committed 95296K, reserved 1179648K
  class space    used 9217K, committed 9920K, reserved 1048576K
}

